#-----------------------------------------------------------
# Webtalk v2019.1.3 (64-bit)
# SW Build 2644227 on Wed Sep  4 09:44:18 MDT 2019
# 
# Start of session at: Tue Mar 28 20:15:20 2023
# Process ID: 51344
# Current directory: /home/zanpoole/School/EE316/Project5/Project5.sdk/webtalk
# Command line: wbtcv -mode batch -source sdk_webtalk.tcl
# Log file: /home/zanpoole/School/EE316/Project5/Project5.sdk/webtalk/webtalk.log
# Journal file: /home/zanpoole/School/EE316/Project5/Project5.sdk/webtalk/webtalk.jou
#-----------------------------------------------------------
source sdk_webtalk.tcl
# webtalk_init -webtalk_dir /home/zanpoole/School/EE316/Project5/Project5.sdk/webtalk
# webtalk_register_client -client project
# webtalk_add_data -client project -key date_generated -value "2023-03-28 20:15:19" -context "software_version_and_target_device"
# webtalk_add_data -client project -key product_version -value "SDK v2019.1" -context "software_version_and_target_device"
# webtalk_add_data -client project -key build_version -value "2019.1" -context "software_version_and_target_device"
# webtalk_add_data -client project -key os_platform -value "amd64" -context "software_version_and_target_device"
# webtalk_add_data -client project -key registration_id -value "212361173_0_0_425" -context "software_version_and_target_device"
# webtalk_add_data -client project -key tool_flow -value "SDK" -context "software_version_and_target_device"
# webtalk_add_data -client project -key beta -value "false" -context "software_version_and_target_device"
# webtalk_add_data -client project -key route_design -value "NA" -context "software_version_and_target_device"
# webtalk_add_data -client project -key target_family -value "NA" -context "software_version_and_target_device"
# webtalk_add_data -client project -key target_device -value "NA" -context "software_version_and_target_device"
# webtalk_add_data -client project -key target_package -value "NA" -context "software_version_and_target_device"
# webtalk_add_data -client project -key target_speed -value "NA" -context "software_version_and_target_device"
# webtalk_add_data -client project -key random_id -value "2lgoba04o7vlnee5p14g5hm8f8" -context "software_version_and_target_device"
# webtalk_add_data -client project -key project_id -value "2019.1_1" -context "software_version_and_target_device"
# webtalk_add_data -client project -key project_iteration -value "1" -context "software_version_and_target_device"
# webtalk_add_data -client project -key os_name -value "Linuxmint" -context "user_environment"
# webtalk_add_data -client project -key os_release -value "Linux Mint 21.1" -context "user_environment"
# webtalk_add_data -client project -key cpu_name -value "AMD Ryzen 7 3700X 8-Core Processor" -context "user_environment"
# webtalk_add_data -client project -key cpu_speed -value "2200.000 MHz" -context "user_environment"
# webtalk_add_data -client project -key total_processors -value "1" -context "user_environment"
# webtalk_add_data -client project -key system_ram -value "33.564 GB" -context "user_environment"
# webtalk_register_client -client sdk
# webtalk_add_data -client sdk -key uid -value "1680048123000" -context "sdk\\\\hardware/1680048123000"
# webtalk_add_data -client sdk -key isZynq -value "true" -context "sdk\\\\hardware/1680048123000"
# webtalk_add_data -client sdk -key isZynqMP -value "false" -context "sdk\\\\hardware/1680048123000"
# webtalk_add_data -client sdk -key Processors -value "2" -context "sdk\\\\hardware/1680048123000"
# webtalk_add_data -client sdk -key VivadoVersion -value "2019.1.3" -context "sdk\\\\hardware/1680048123000"
# webtalk_add_data -client sdk -key Arch -value "zynq" -context "sdk\\\\hardware/1680048123000"
# webtalk_add_data -client sdk -key Device -value "7z010" -context "sdk\\\\hardware/1680048123000"
# webtalk_add_data -client sdk -key IsHandoff -value "true" -context "sdk\\\\hardware/1680048123000"
# webtalk_add_data -client sdk -key os -value "NA" -context "sdk\\\\hardware/1680048123000"
# webtalk_add_data -client sdk -key apptemplate -value "NA" -context "sdk\\\\hardware/1680048123000"
# webtalk_add_data -client sdk -key RecordType -value "HWCreation" -context "sdk\\\\hardware/1680048123000"
# webtalk_add_data -client sdk -key uid -value "1680048206000" -context "sdk\\\\bsp/1680048206000"
# webtalk_add_data -client sdk -key hwid -value "1680048123000" -context "sdk\\\\bsp/1680048206000"
# webtalk_add_data -client sdk -key os -value "standalone" -context "sdk\\\\bsp/1680048206000"
# webtalk_add_data -client sdk -key apptemplate -value "null" -context "sdk\\\\bsp/1680048206000"
# webtalk_add_data -client sdk -key RecordType -value "BSPCreation" -context "sdk\\\\bsp/1680048206000"
# webtalk_add_data -client sdk -key uid -value "NA" -context "sdk\\\\bsp/1680048919703"
# webtalk_add_data -client sdk -key RecordType -value "ToolUsage" -context "sdk\\\\bsp/1680048919703"
# webtalk_add_data -client sdk -key BootgenCount -value "0" -context "sdk\\\\bsp/1680048919703"
# webtalk_add_data -client sdk -key DebugCount -value "0" -context "sdk\\\\bsp/1680048919703"
# webtalk_add_data -client sdk -key PerfCount -value "0" -context "sdk\\\\bsp/1680048919703"
# webtalk_add_data -client sdk -key FlashCount -value "0" -context "sdk\\\\bsp/1680048919703"
# webtalk_add_data -client sdk -key CrossTriggCount -value "0" -context "sdk\\\\bsp/1680048919703"
# webtalk_add_data -client sdk -key QemuDebugCount -value "0" -context "sdk\\\\bsp/1680048919703"
# webtalk_transmit -clientid 845350223 -regid "212361173_0_0_425" -xml /home/zanpoole/School/EE316/Project5/Project5.sdk/webtalk/usage_statistics_ext_sdk.xml -html /home/zanpoole/School/EE316/Project5/Project5.sdk/webtalk/usage_statistics_ext_sdk.html -wdm /home/zanpoole/School/EE316/Project5/Project5.sdk/webtalk/sdk_webtalk.wdm -intro "<H3>SDK Usage Report</H3><BR>"
# webtalk_terminate
INFO: [Common 17-206] Exiting Webtalk at Tue Mar 28 20:15:20 2023...
