20:01:57 INFO  : Registering command handlers for SDK TCF services
20:01:59 INFO  : Launching XSCT server: xsct -n -interactive /home/zanpoole/School/EE316/Project5/Project5.sdk/temp_xsdb_launch_script.tcl
20:02:01 INFO  : XSCT server has started successfully.
20:02:01 INFO  : Successfully done setting XSCT server connection channel  
20:02:01 INFO  : Successfully done setting SDK workspace  
20:02:01 INFO  : Processing command line option -hwspec /home/zanpoole/School/EE316/Project5/Project5.sdk/design_1_wrapper.hdf.
20:03:51 INFO  : Example project standalone_bsp_0_xtmrctr_pwm_example_1 has been created successfully.
20:15:25 INFO  : Registering command handlers for SDK TCF services
20:15:26 INFO  : Launching XSCT server: xsct -n -interactive /home/zanpoole/School/EE316/Project5/Project5.sdk/temp_xsdb_launch_script.tcl
20:15:28 INFO  : XSCT server has started successfully.
20:15:28 INFO  : Successfully done setting XSCT server connection channel  
20:15:28 INFO  : Successfully done setting SDK workspace  
20:15:28 INFO  : Processing command line option -hwspec /home/zanpoole/School/EE316/Project5/Project5.sdk/design_1_wrapper.hdf.
20:15:28 INFO  : Checking for hwspec changes in the project design_1_wrapper_hw_platform_0.
20:15:46 INFO  : Registering command handlers for SDK TCF services
20:15:47 INFO  : Launching XSCT server: xsct -n -interactive /home/zanpoole/School/EE316/Project5/Project5.sdk/temp_xsdb_launch_script.tcl
20:15:49 INFO  : XSCT server has started successfully.
20:15:49 INFO  : Successfully done setting XSCT server connection channel  
20:15:49 INFO  : Successfully done setting SDK workspace  
20:15:49 INFO  : Processing command line option -hwspec /home/zanpoole/School/EE316/Project5/Project5.sdk/design_1_wrapper.hdf.
20:15:49 INFO  : Checking for hwspec changes in the project design_1_wrapper_hw_platform_0.
20:47:32 INFO  : Registering command handlers for SDK TCF services
20:47:33 INFO  : Launching XSCT server: xsct -n -interactive /home/zanpoole/School/EE316/Project5/Project5.sdk/temp_xsdb_launch_script.tcl
20:47:47 INFO  : XSCT server has started successfully.
20:47:47 INFO  : Successfully done setting XSCT server connection channel  
20:47:47 INFO  : Successfully done setting SDK workspace  
20:47:47 INFO  : Processing command line option -hwspec /home/zanpoole/School/EE316/Project5/Project5.sdk/design_1_wrapper.hdf.
20:47:47 INFO  : Checking for hwspec changes in the project design_1_wrapper_hw_platform_0.
20:51:17 INFO  : Registering command handlers for SDK TCF services
20:51:18 INFO  : Launching XSCT server: xsct -n -interactive /home/zanpoole/School/EE316/Project5/Project5.sdk/temp_xsdb_launch_script.tcl
20:51:34 INFO  : XSCT server has started successfully.
20:51:34 INFO  : Successfully done setting XSCT server connection channel  
20:51:34 INFO  : Successfully done setting SDK workspace  
20:51:34 INFO  : Processing command line option -hwspec /home/zanpoole/School/EE316/Project5/Project5.sdk/design_1_wrapper.hdf.
20:51:34 INFO  : Checking for hwspec changes in the project design_1_wrapper_hw_platform_0.
12:52:02 INFO  : Registering command handlers for SDK TCF services
12:52:04 INFO  : Launching XSCT server: xsct -n -interactive /home/zanpoole/School/EE316/Project5/Project5.sdk/temp_xsdb_launch_script.tcl
12:52:10 INFO  : XSCT server has started successfully.
12:52:10 INFO  : Successfully done setting XSCT server connection channel  
12:52:10 INFO  : Successfully done setting SDK workspace  
12:52:10 INFO  : Processing command line option -hwspec /home/zanpoole/School/EE316/Project5/Project5.sdk/design_1_wrapper.hdf.
12:52:10 INFO  : Checking for hwspec changes in the project design_1_wrapper_hw_platform_0.
13:09:05 INFO  : Registering command handlers for SDK TCF services
13:09:06 INFO  : Launching XSCT server: xsct -n -interactive /home/zanpoole/School/EE316/Project5/Project5.sdk/temp_xsdb_launch_script.tcl
13:09:19 INFO  : XSCT server has started successfully.
13:09:19 INFO  : Successfully done setting XSCT server connection channel  
13:09:19 INFO  : Successfully done setting SDK workspace  
13:09:19 INFO  : Processing command line option -hwspec /home/zanpoole/School/EE316/Project5/Project5.sdk/design_1_wrapper.hdf.
13:09:19 INFO  : Checking for hwspec changes in the project design_1_wrapper_hw_platform_0.
13:14:35 INFO  : Registering command handlers for SDK TCF services
13:14:36 INFO  : Launching XSCT server: xsct -n -interactive /home/zanpoole/School/EE316/Project5/Project5.sdk/temp_xsdb_launch_script.tcl
13:14:50 INFO  : XSCT server has started successfully.
13:14:50 INFO  : Successfully done setting XSCT server connection channel  
13:14:50 INFO  : Successfully done setting SDK workspace  
13:14:50 INFO  : Processing command line option -hwspec /home/zanpoole/School/EE316/Project5/Project5.sdk/design_1_wrapper.hdf.
13:14:50 INFO  : Checking for hwspec changes in the project design_1_wrapper_hw_platform_0.
13:25:38 INFO  : Registering command handlers for SDK TCF services
13:25:39 INFO  : Launching XSCT server: xsct -n -interactive /home/zanpoole/School/EE316/Project5/Project5.sdk/temp_xsdb_launch_script.tcl
13:25:45 INFO  : XSCT server has started successfully.
13:25:45 INFO  : Successfully done setting XSCT server connection channel  
13:25:45 INFO  : Successfully done setting SDK workspace  
13:25:45 INFO  : Processing command line option -hwspec /home/zanpoole/School/EE316/Project5/Project5.sdk/design_1_wrapper.hdf.
13:25:45 INFO  : Checking for hwspec changes in the project design_1_wrapper_hw_platform_0.
13:25:47 INFO  : SDK has detected change in the last modified timestamps for source hardware specification file Source:1680196950000,  Project:1680047303000
13:25:47 INFO  : The hardware specification for project 'design_1_wrapper_hw_platform_0' is different from /home/zanpoole/School/EE316/Project5/Project5.sdk/design_1_wrapper.hdf.
13:25:48 INFO  : Copied contents of /home/zanpoole/School/EE316/Project5/Project5.sdk/design_1_wrapper.hdf into /design_1_wrapper_hw_platform_0/system.hdf.
13:25:49 INFO  : Synchronizing projects in the workspace with the hardware platform specification changes.
13:25:50 INFO  : 
13:25:51 INFO  : Updating hardware inferred compiler options for standalone_bsp_0_xtmrctr_pwm_example_1.
13:25:51 INFO  : Clearing existing target manager status.
13:44:23 INFO  : Example project standalone_bsp_0_xtmrctr_intr_example_1 has been created successfully.
13:55:01 INFO  : Connected to target on host '127.0.0.1' and port '3121'.
15:55:53 INFO  : Registering command handlers for SDK TCF services
15:55:54 INFO  : Launching XSCT server: xsct -n -interactive /home/zanpoole/School/EE316/Project5/Project5.sdk/temp_xsdb_launch_script.tcl
15:55:56 INFO  : XSCT server has started successfully.
15:55:56 INFO  : Successfully done setting XSCT server connection channel  
15:55:56 INFO  : Successfully done setting SDK workspace  
15:55:56 INFO  : Processing command line option -hwspec /home/zanpoole/School/EE316/Project5/Project5.sdk/design_1_wrapper.hdf.
15:55:56 INFO  : Checking for hwspec changes in the project design_1_wrapper_hw_platform_0.
15:56:51 INFO  : Registering command handlers for SDK TCF services
15:56:52 INFO  : Launching XSCT server: xsct -n -interactive /home/zanpoole/School/EE316/Project5/Project5.sdk/temp_xsdb_launch_script.tcl
15:56:54 INFO  : XSCT server has started successfully.
15:56:54 INFO  : Successfully done setting XSCT server connection channel  
15:56:54 INFO  : Successfully done setting SDK workspace  
15:56:54 INFO  : Processing command line option -hwspec /home/zanpoole/School/EE316/Project5/Project5.sdk/design_1_wrapper.hdf.
15:56:54 INFO  : Checking for hwspec changes in the project design_1_wrapper_hw_platform_0.
15:58:27 INFO  : Registering command handlers for SDK TCF services
15:58:28 INFO  : Launching XSCT server: xsct -n -interactive /home/zanpoole/School/EE316/Project5/Project5.sdk/temp_xsdb_launch_script.tcl
15:58:30 INFO  : XSCT server has started successfully.
15:58:30 INFO  : Successfully done setting XSCT server connection channel  
15:58:30 INFO  : Successfully done setting SDK workspace  
15:58:30 INFO  : Processing command line option -hwspec /home/zanpoole/School/EE316/Project5/Project5.sdk/design_1_wrapper.hdf.
15:58:30 INFO  : Checking for hwspec changes in the project design_1_wrapper_hw_platform_0.
00:53:04 INFO  : Registering command handlers for SDK TCF services
00:53:05 INFO  : Launching XSCT server: xsct -n -interactive /home/zanpoole/School/EE316/Project5/Project5.sdk/temp_xsdb_launch_script.tcl
00:53:07 INFO  : XSCT server has started successfully.
00:53:07 INFO  : Successfully done setting XSCT server connection channel  
00:53:07 INFO  : Successfully done setting SDK workspace  
00:53:07 INFO  : Processing command line option -hwspec /home/zanpoole/School/EE316/Project5/Project5.sdk/design_1_wrapper.hdf.
00:53:07 INFO  : Checking for hwspec changes in the project design_1_wrapper_hw_platform_0.
01:12:27 INFO  : Connected to target on host '127.0.0.1' and port '3121'.
